<?xml version="1.0" encoding="UTF-8"?>
<!-- Generated by org.testng.reporters.JUnitReportReporter -->
<testsuite hostname="W-7FM3M13" failures="0" tests="1" name="com.selenium.docker.zalenium.AutoUserCreation" time="202.300" errors="1" timestamp="2020-10-28T21:52:22 IST" skipped="0">
  <testcase classname="com.selenium.docker.zalenium.AutoUserCreation" name="googleSearch" time="202.300">
    <error message="element click intercepted: Element &lt;input id=&quot;__xmlview0--employeeUpload-fu_input-inner&quot; value=&quot;&quot; aria-labelledby=&quot;__text4&quot; type=&quot;text&quot; autocomplete=&quot;off&quot; class=&quot;sapMInputBaseInner&quot; tabindex=&quot;-1&quot; aria-live=&quot;polite&quot;&gt; is not clickable at point (422, 358). Other element would receive the click: &lt;input type=&quot;file&quot; aria-hidden=&quot;true&quot; name=&quot;File Uploader[]&quot; id=&quot;__xmlview0--employeeUpload-fu&quot; tabindex=&quot;-1&quot; size=&quot;1&quot; multiple=&quot;&quot; accept=&quot;.csv&quot;&gt;
  (Session info: chrome=86.0.4240.111)
Build info: version: &#039;3.9.1&#039;, revision: &#039;63f7b50&#039;, time: &#039;2018-02-07T22:25:02.294Z&#039;
System info: host: &#039;W-7FM3M13&#039;, ip: &#039;192.168.1.8&#039;, os.name: &#039;Windows 10&#039;, os.arch: &#039;amd64&#039;, os.version: &#039;10.0&#039;, java.version: &#039;11.0.7&#039;
Driver info: org.openqa.selenium.remote.RemoteWebDriver
Capabilities [{networkConnectionEnabled=false, chrome={chromedriverVersion=86.0.4240.22 (398b0743353ff36fb1b82468f63a3a93b4e2e89e-refs/branch-heads/4240@{#378}), userDataDir=/tmp/.com.google.Chrome.r3skfZ}, timeouts={implicit=0.0, pageLoad=300000.0, script=30000.0}, pageLoadStrategy=normal, unhandledPromptBehavior=dismiss and notify, strictFileInteractability=false, platform=ANY, proxy=Proxy(), goog:chromeOptions={debuggerAddress=localhost:40325}, webdriver.remote.sessionid=5b160658922b43ad7dfb5797ca83563e, acceptInsecureCerts=true, browserVersion=86.0.4240.111, browserName=chrome, javascriptEnabled=true, platformName=linux, setWindowRect=true, webauthn:virtualAuthenticators=true}]
Session ID: 5b160658922b43ad7dfb5797ca83563e" type="org.openqa.selenium.WebDriverException">
      <![CDATA[org.openqa.selenium.WebDriverException: element click intercepted: Element <input id="__xmlview0--employeeUpload-fu_input-inner" value="" aria-labelledby="__text4" type="text" autocomplete="off" class="sapMInputBaseInner" tabindex="-1" aria-live="polite"> is not clickable at point (422, 358). Other element would receive the click: <input type="file" aria-hidden="true" name="File Uploader[]" id="__xmlview0--employeeUpload-fu" tabindex="-1" size="1" multiple="" accept=".csv">
  (Session info: chrome=86.0.4240.111)
Build info: version: '3.9.1', revision: '63f7b50', time: '2018-02-07T22:25:02.294Z'
System info: host: 'W-7FM3M13', ip: '192.168.1.8', os.name: 'Windows 10', os.arch: 'amd64', os.version: '10.0', java.version: '11.0.7'
Driver info: org.openqa.selenium.remote.RemoteWebDriver
Capabilities [{networkConnectionEnabled=false, chrome={chromedriverVersion=86.0.4240.22 (398b0743353ff36fb1b82468f63a3a93b4e2e89e-refs/branch-heads/4240@{#378}), userDataDir=/tmp/.com.google.Chrome.r3skfZ}, timeouts={implicit=0.0, pageLoad=300000.0, script=30000.0}, pageLoadStrategy=normal, unhandledPromptBehavior=dismiss and notify, strictFileInteractability=false, platform=ANY, proxy=Proxy(), goog:chromeOptions={debuggerAddress=localhost:40325}, webdriver.remote.sessionid=5b160658922b43ad7dfb5797ca83563e, acceptInsecureCerts=true, browserVersion=86.0.4240.111, browserName=chrome, javascriptEnabled=true, platformName=linux, setWindowRect=true, webauthn:virtualAuthenticators=true}]
Session ID: 5b160658922b43ad7dfb5797ca83563e
at java.base/jdk.internal.reflect.NativeConstructorAccessorImpl.newInstance0(Native Method)
at java.base/jdk.internal.reflect.NativeConstructorAccessorImpl.newInstance(NativeConstructorAccessorImpl.java:62)
at java.base/jdk.internal.reflect.DelegatingConstructorAccessorImpl.newInstance(DelegatingConstructorAccessorImpl.java:45)
at java.base/java.lang.reflect.Constructor.newInstance(Constructor.java:490)
at org.openqa.selenium.remote.http.W3CHttpResponseCodec.createException(W3CHttpResponseCodec.java:150)
at org.openqa.selenium.remote.http.W3CHttpResponseCodec.decode(W3CHttpResponseCodec.java:115)
at org.openqa.selenium.remote.http.W3CHttpResponseCodec.decode(W3CHttpResponseCodec.java:45)
at org.openqa.selenium.remote.HttpCommandExecutor.execute(HttpCommandExecutor.java:164)
at org.openqa.selenium.remote.RemoteWebDriver.execute(RemoteWebDriver.java:637)
at org.openqa.selenium.remote.RemoteWebElement.execute(RemoteWebElement.java:272)
at org.openqa.selenium.remote.RemoteWebElement.click(RemoteWebElement.java:82)
at com.selenium.docker.zalenium.AutoUserCreation.click(AutoUserCreation.java:195)
at com.selenium.docker.zalenium.AutoUserCreation.importEmployees(AutoUserCreation.java:129)
at com.selenium.docker.zalenium.AutoUserCreation.googleSearch(AutoUserCreation.java:93)
at java.base/jdk.internal.reflect.NativeMethodAccessorImpl.invoke0(Native Method)
at java.base/jdk.internal.reflect.NativeMethodAccessorImpl.invoke(NativeMethodAccessorImpl.java:62)
at java.base/jdk.internal.reflect.DelegatingMethodAccessorImpl.invoke(DelegatingMethodAccessorImpl.java:43)
at java.base/java.lang.reflect.Method.invoke(Method.java:566)
at org.testng.internal.MethodInvocationHelper.invokeMethod(MethodInvocationHelper.java:135)
at org.testng.internal.TestInvoker.invokeMethod(TestInvoker.java:598)
at org.testng.internal.TestInvoker.invokeTestMethod(TestInvoker.java:174)
at org.testng.internal.MethodRunner.runInSequence(MethodRunner.java:46)
at org.testng.internal.TestInvoker$MethodInvocationAgent.invoke(TestInvoker.java:821)
at org.testng.internal.TestInvoker.invokeTestMethods(TestInvoker.java:147)
at org.testng.internal.TestMethodWorker.invokeTestMethods(TestMethodWorker.java:146)
at org.testng.internal.TestMethodWorker.run(TestMethodWorker.java:128)
at java.base/java.util.ArrayList.forEach(ArrayList.java:1540)
at org.testng.TestRunner.privateRun(TestRunner.java:767)
at org.testng.TestRunner.run(TestRunner.java:588)
at org.testng.SuiteRunner.runTest(SuiteRunner.java:384)
at org.testng.SuiteRunner.runSequentially(SuiteRunner.java:378)
at org.testng.SuiteRunner.privateRun(SuiteRunner.java:337)
at org.testng.SuiteRunner.run(SuiteRunner.java:286)
at org.testng.SuiteRunnerWorker.runSuite(SuiteRunnerWorker.java:53)
at org.testng.SuiteRunnerWorker.run(SuiteRunnerWorker.java:96)
at org.testng.TestNG.runSuitesSequentially(TestNG.java:1214)
at org.testng.TestNG.runSuitesLocally(TestNG.java:1136)
at org.testng.TestNG.runSuites(TestNG.java:1066)
at org.testng.TestNG.run(TestNG.java:1034)
at org.testng.remote.AbstractRemoteTestNG.run(AbstractRemoteTestNG.java:115)
at org.testng.remote.RemoteTestNG.initAndRun(RemoteTestNG.java:251)
at org.testng.remote.RemoteTestNG.main(RemoteTestNG.java:77)
]]>
    </error>
  </testcase> <!-- googleSearch -->
  <system-out/>
</testsuite> <!-- com.selenium.docker.zalenium.AutoUserCreation -->
